# JRE version: Java(TM) SE Runtime Environment (21.0.7+8) (build 21.0.7+8-LTS-245)
# Java VM: Java HotSpot(TM) 64-Bit Server VM (21.0.7+8-LTS-245, mixed mode, sharing, tiered, compressed oops, compressed class ptrs, g1 gc, windows-amd64)
GC Precious Log:
 CardTable entry size: 512
 Card Set container configuration: InlinePtr #cards 5 size 8 Array Of Cards #cards 12 size 40 Howl #buckets 4 coarsen threshold 1843 Howl Bitmap #cards 512 size 80 coarsen threshold 460 Card regions per heap region 1 cards per card region 2048
 CPUs: 12 total, 12 available
 Memory: 16242M
 Large Page Support: Disabled
 NUMA Support: Disabled
 Compressed Oops: Enabled (32-bit)
 Heap Region Size: 1M
 Heap Min Capacity: 256M
 Heap Initial Capacity: 256M
 Heap Max Capacity: 512M
 Pre-touch: Disabled
 Parallel Workers: 10
 Concurrent Workers: 3
 Concurrent Refinement Workers: 10
 Periodic GC: Disabled
Heap:
 garbage-first heap   total 262144K, used 123490K [0x00000000e0000000, 0x0000000100000000)
  region size 1024K, 99 young (101376K), 17 survivors (17408K)
 Metaspace       used 55089K, committed 57088K, reserved 393216K
  class space    used 7962K, committed 8960K, reserved 327680K
GC Heap History (16 events):
Event: 0.426 GC heap before
{Heap before GC invocations=0 (full 0):
 garbage-first heap   total 262144K, used 22528K [0x00000000e0000000, 0x0000000100000000)
  region size 1024K, 23 young (23552K), 0 survivors (0K)
 Metaspace       used 1114K, committed 1216K, reserved 393216K
  class space    used 78K, committed 128K, reserved 327680K
}
Event: 0.429 GC heap after
{Heap after GC invocations=1 (full 0):
 garbage-first heap   total 262144K, used 4042K [0x00000000e0000000, 0x0000000100000000)
  region size 1024K, 3 young (3072K), 3 survivors (3072K)
 Metaspace       used 1114K, committed 1216K, reserved 393216K
  class space    used 78K, committed 128K, reserved 327680K
}
Event: 0.988 GC heap before
{Heap before GC invocations=1 (full 0):
 garbage-first heap   total 262144K, used 40906K [0x00000000e0000000, 0x0000000100000000)
  region size 1024K, 36 young (36864K), 3 survivors (3072K)
 Metaspace       used 4403K, committed 4608K, reserved 393216K
  class space    used 532K, committed 640K, reserved 327680K
}
Event: 0.991 GC heap after
{Heap after GC invocations=2 (full 0):
 garbage-first heap   total 262144K, used 12416K [0x00000000e0000000, 0x0000000100000000)
  region size 1024K, 4 young (4096K), 4 survivors (4096K)
 Metaspace       used 4403K, committed 4608K, reserved 393216K
  class space    used 532K, committed 640K, reserved 327680K
}
Event: 1.480 GC heap before
{Heap before GC invocations=2 (full 0):
 garbage-first heap   total 262144K, used 61568K [0x00000000e0000000, 0x0000000100000000)
  region size 1024K, 50 young (51200K), 4 survivors (4096K)
 Metaspace       used 5425K, committed 5632K, reserved 393216K
  class space    used 696K, committed 832K, reserved 327680K
}
Event: 1.485 GC heap after
{Heap after GC invocations=3 (full 0):
 garbage-first heap   total 262144K, used 17798K [0x00000000e0000000, 0x0000000100000000)
  region size 1024K, 7 young (7168K), 7 survivors (7168K)
 Metaspace       used 5425K, committed 5632K, reserved 393216K
  class space    used 696K, committed 832K, reserved 327680K
}
Event: 3.180 GC heap before
{Heap before GC invocations=3 (full 0):
 garbage-first heap   total 262144K, used 105862K [0x00000000e0000000, 0x0000000100000000)
  region size 1024K, 94 young (96256K), 7 survivors (7168K)
 Metaspace       used 20813K, committed 21504K, reserved 393216K
  class space    used 2974K, committed 3328K, reserved 327680K
}
Event: 3.190 GC heap after
{Heap after GC invocations=4 (full 0):
 garbage-first heap   total 262144K, used 25151K [0x00000000e0000000, 0x0000000100000000)
  region size 1024K, 15 young (15360K), 15 survivors (15360K)
 Metaspace       used 20813K, committed 21504K, reserved 393216K
  class space    used 2974K, committed 3328K, reserved 327680K
}
Event: 4.861 GC heap before
{Heap before GC invocations=5 (full 0):
 garbage-first heap   total 262144K, used 119359K [0x00000000e0000000, 0x0000000100000000)
  region size 1024K, 108 young (110592K), 15 survivors (15360K)
 Metaspace       used 34656K, committed 35968K, reserved 393216K
  class space    used 5022K, committed 5696K, reserved 327680K
}
Event: 4.871 GC heap after
{Heap after GC invocations=6 (full 0):
 garbage-first heap   total 262144K, used 31728K [0x00000000e0000000, 0x0000000100000000)
  region size 1024K, 14 young (14336K), 14 survivors (14336K)
 Metaspace       used 34656K, committed 35968K, reserved 393216K
  class space    used 5022K, committed 5696K, reserved 327680K
}
Event: 4.911 GC heap before
{Heap before GC invocations=6 (full 0):
 garbage-first heap   total 262144K, used 33776K [0x00000000e0000000, 0x0000000100000000)
  region size 1024K, 17 young (17408K), 14 survivors (14336K)
 Metaspace       used 35066K, committed 36288K, reserved 393216K
  class space    used 5085K, committed 5696K, reserved 327680K
}
Event: 4.920 GC heap after
{Heap after GC invocations=7 (full 0):
 garbage-first heap   total 262144K, used 32077K [0x00000000e0000000, 0x0000000100000000)
  region size 1024K, 8 young (8192K), 8 survivors (8192K)
 Metaspace       used 35066K, committed 36288K, reserved 393216K
  class space    used 5085K, committed 5696K, reserved 327680K
}
Event: 4.933 GC heap before
{Heap before GC invocations=7 (full 0):
 garbage-first heap   total 262144K, used 33101K [0x00000000e0000000, 0x0000000100000000)
  region size 1024K, 11 young (11264K), 8 survivors (8192K)
 Metaspace       used 35301K, committed 36608K, reserved 393216K
  class space    used 5101K, committed 5760K, reserved 327680K
}
Event: 4.938 GC heap after
{Heap after GC invocations=8 (full 0):
 garbage-first heap   total 262144K, used 32226K [0x00000000e0000000, 0x0000000100000000)
  region size 1024K, 8 young (8192K), 8 survivors (8192K)
 Metaspace       used 35301K, committed 36608K, reserved 393216K
  class space    used 5101K, committed 5760K, reserved 327680K
}
Event: 6.979 GC heap before
{Heap before GC invocations=9 (full 0):
 garbage-first heap   total 262144K, used 186850K [0x00000000e0000000, 0x0000000100000000)
  region size 1024K, 153 young (156672K), 8 survivors (8192K)
 Metaspace       used 49294K, committed 51008K, reserved 393216K
  class space    used 7014K, committed 7872K, reserved 327680K
}
Event: 6.990 GC heap after
{Heap after GC invocations=10 (full 0):
 garbage-first heap   total 262144K, used 41570K [0x00000000e0000000, 0x0000000100000000)
  region size 1024K, 17 young (17408K), 17 survivors (17408K)
 Metaspace       used 49294K, committed 51008K, reserved 393216K
  class space    used 7014K, committed 7872K, reserved 327680K
}

