# JRE version: Java(TM) SE Runtime Environment (21.0.7+8) (build 21.0.7+8-LTS-245)
# Java VM: Java HotSpot(TM) 64-Bit Server VM (21.0.7+8-LTS-245, mixed mode, sharing, tiered, compressed oops, compressed class ptrs, g1 gc, windows-amd64)
GC Precious Log:
 CardTable entry size: 512
 Card Set container configuration: InlinePtr #cards 5 size 8 Array Of Cards #cards 12 size 40 Howl #buckets 4 coarsen threshold 1843 Howl Bitmap #cards 512 size 80 coarsen threshold 460 Card regions per heap region 1 cards per card region 2048
 CPUs: 12 total, 12 available
 Memory: 16242M
 Large Page Support: Disabled
 NUMA Support: Disabled
 Compressed Oops: Enabled (32-bit)
 Heap Region Size: 1M
 Heap Min Capacity: 256M
 Heap Initial Capacity: 256M
 Heap Max Capacity: 512M
 Pre-touch: Disabled
 Parallel Workers: 10
 Concurrent Workers: 3
 Concurrent Refinement Workers: 10
 Periodic GC: Disabled
Heap:
 garbage-first heap   total 262144K, used 125621K [0x00000000e0000000, 0x0000000100000000)
  region size 1024K, 100 young (102400K), 17 survivors (17408K)
 Metaspace       used 55378K, committed 57280K, reserved 393216K
  class space    used 8004K, committed 8960K, reserved 327680K
GC Heap History (16 events):
Event: 0.529 GC heap before
{Heap before GC invocations=0 (full 0):
 garbage-first heap   total 262144K, used 22528K [0x00000000e0000000, 0x0000000100000000)
  region size 1024K, 23 young (23552K), 0 survivors (0K)
 Metaspace       used 1096K, committed 1216K, reserved 393216K
  class space    used 78K, committed 128K, reserved 327680K
}
Event: 0.532 GC heap after
{Heap after GC invocations=1 (full 0):
 garbage-first heap   total 262144K, used 4322K [0x00000000e0000000, 0x0000000100000000)
  region size 1024K, 3 young (3072K), 3 survivors (3072K)
 Metaspace       used 1096K, committed 1216K, reserved 393216K
  class space    used 78K, committed 128K, reserved 327680K
}
Event: 1.382 GC heap before
{Heap before GC invocations=1 (full 0):
 garbage-first heap   total 262144K, used 41186K [0x00000000e0000000, 0x0000000100000000)
  region size 1024K, 36 young (36864K), 3 survivors (3072K)
 Metaspace       used 4402K, committed 4608K, reserved 393216K
  class space    used 533K, committed 640K, reserved 327680K
}
Event: 1.386 GC heap after
{Heap after GC invocations=2 (full 0):
 garbage-first heap   total 262144K, used 11892K [0x00000000e0000000, 0x0000000100000000)
  region size 1024K, 4 young (4096K), 4 survivors (4096K)
 Metaspace       used 4402K, committed 4608K, reserved 393216K
  class space    used 533K, committed 640K, reserved 327680K
}
Event: 2.528 GC heap before
{Heap before GC invocations=2 (full 0):
 garbage-first heap   total 262144K, used 61044K [0x00000000e0000000, 0x0000000100000000)
  region size 1024K, 50 young (51200K), 4 survivors (4096K)
 Metaspace       used 5335K, committed 5568K, reserved 393216K
  class space    used 690K, committed 832K, reserved 327680K
}
Event: 2.533 GC heap after
{Heap after GC invocations=3 (full 0):
 garbage-first heap   total 262144K, used 17627K [0x00000000e0000000, 0x0000000100000000)
  region size 1024K, 7 young (7168K), 7 survivors (7168K)
 Metaspace       used 5335K, committed 5568K, reserved 393216K
  class space    used 690K, committed 832K, reserved 327680K
}
Event: 5.453 GC heap before
{Heap before GC invocations=3 (full 0):
 garbage-first heap   total 262144K, used 105691K [0x00000000e0000000, 0x0000000100000000)
  region size 1024K, 94 young (96256K), 7 survivors (7168K)
 Metaspace       used 20826K, committed 21504K, reserved 393216K
  class space    used 2977K, committed 3264K, reserved 327680K
}
Event: 5.463 GC heap after
{Heap after GC invocations=4 (full 0):
 garbage-first heap   total 262144K, used 24920K [0x00000000e0000000, 0x0000000100000000)
  region size 1024K, 15 young (15360K), 15 survivors (15360K)
 Metaspace       used 20826K, committed 21504K, reserved 393216K
  class space    used 2977K, committed 3264K, reserved 327680K
}
Event: 7.743 GC heap before
{Heap before GC invocations=5 (full 0):
 garbage-first heap   total 262144K, used 117080K [0x00000000e0000000, 0x0000000100000000)
  region size 1024K, 107 young (109568K), 15 survivors (15360K)
 Metaspace       used 34662K, committed 35968K, reserved 393216K
  class space    used 5021K, committed 5696K, reserved 327680K
}
Event: 7.757 GC heap after
{Heap after GC invocations=6 (full 0):
 garbage-first heap   total 262144K, used 32014K [0x00000000e0000000, 0x0000000100000000)
  region size 1024K, 14 young (14336K), 14 survivors (14336K)
 Metaspace       used 34662K, committed 35968K, reserved 393216K
  class space    used 5021K, committed 5696K, reserved 327680K
}
Event: 7.802 GC heap before
{Heap before GC invocations=6 (full 0):
 garbage-first heap   total 262144K, used 34062K [0x00000000e0000000, 0x0000000100000000)
  region size 1024K, 17 young (17408K), 14 survivors (14336K)
 Metaspace       used 35040K, committed 36288K, reserved 393216K
  class space    used 5077K, committed 5696K, reserved 327680K
}
Event: 7.812 GC heap after
{Heap after GC invocations=7 (full 0):
 garbage-first heap   total 262144K, used 31598K [0x00000000e0000000, 0x0000000100000000)
  region size 1024K, 7 young (7168K), 7 survivors (7168K)
 Metaspace       used 35040K, committed 36288K, reserved 393216K
  class space    used 5077K, committed 5696K, reserved 327680K
}
Event: 7.837 GC heap before
{Heap before GC invocations=7 (full 0):
 garbage-first heap   total 262144K, used 32622K [0x00000000e0000000, 0x0000000100000000)
  region size 1024K, 10 young (10240K), 7 survivors (7168K)
 Metaspace       used 35352K, committed 36608K, reserved 393216K
  class space    used 5096K, committed 5760K, reserved 327680K
}
Event: 7.843 GC heap after
{Heap after GC invocations=8 (full 0):
 garbage-first heap   total 262144K, used 32156K [0x00000000e0000000, 0x0000000100000000)
  region size 1024K, 8 young (8192K), 8 survivors (8192K)
 Metaspace       used 35352K, committed 36608K, reserved 393216K
  class space    used 5096K, committed 5760K, reserved 327680K
}
Event: 11.562 GC heap before
{Heap before GC invocations=9 (full 0):
 garbage-first heap   total 262144K, used 186780K [0x00000000e0000000, 0x0000000100000000)
  region size 1024K, 153 young (156672K), 8 survivors (8192K)
 Metaspace       used 49336K, committed 51072K, reserved 393216K
  class space    used 7023K, committed 7872K, reserved 327680K
}
Event: 11.581 GC heap after
{Heap after GC invocations=10 (full 0):
 garbage-first heap   total 262144K, used 41653K [0x00000000e0000000, 0x0000000100000000)
  region size 1024K, 17 young (17408K), 17 survivors (17408K)
 Metaspace       used 49336K, committed 51072K, reserved 393216K
  class space    used 7023K, committed 7872K, reserved 327680K
}

